<?xml version="1.0" encoding="UTF-8" ?>
<testsuite errors="0" failures="0" hostname="sbarber-lap" name="com.streambase.sbunit.ext.ValueMatcherTest" tests="9" time="0.237" timestamp="2015-06-16T16:47:26">
  <properties>
    <property name="java.vendor" value="Oracle Corporation" />
    <property name="sun.java.launcher" value="SUN_STANDARD" />
    <property name="sun.management.compiler" value="HotSpot 64-Bit Tiered Compilers" />
    <property name="env.PROMPT" value="$P$G" />
    <property name="lib" value="C:\cygwin\home\sbarber\git\SBUnit-Extensions-7,4\lib" />
    <property name="os.name" value="Windows 7" />
    <property name="env.FP_NO_HOST_CHECK" value="NO" />
    <property name="sun.boot.class.path" value="C:\Program Files (x86)\StreamBase Systems\StreamBase.7.4\jdk64\jre\lib\resources.jar;C:\Program Files (x86)\StreamBase Systems\StreamBase.7.4\jdk64\jre\lib\rt.jar;C:\Program Files (x86)\StreamBase Systems\StreamBase.7.4\jdk64\jre\lib\sunrsasign.jar;C:\Program Files (x86)\StreamBase Systems\StreamBase.7.4\jdk64\jre\lib\jsse.jar;C:\Program Files (x86)\StreamBase Systems\StreamBase.7.4\jdk64\jre\lib\jce.jar;C:\Program Files (x86)\StreamBase Systems\StreamBase.7.4\jdk64\jre\lib\charsets.jar;C:\Program Files (x86)\StreamBase Systems\StreamBase.7.4\jdk64\jre\lib\jfr.jar;C:\Program Files (x86)\StreamBase Systems\StreamBase.7.4\jdk64\jre\classes" />
    <property name="env.COMPUTERNAME" value="SBARBER-LAP" />
    <property name="env.CommonProgramW6432" value="C:\Program Files\Common Files" />
    <property name="ant.file.SBUNit-Extensions" value="C:\cygwin\home\sbarber\git\SBUnit-Extensions-7,4\build.xml" />
    <property name="env.ALLUSERSPROFILE" value="C:\ProgramData" />
    <property name="sun.desktop" value="windows" />
    <property name="java.vm.specification.vendor" value="Oracle Corporation" />
    <property name="ant.home" value="C:\Program Files (x86)\StreamBase Systems\StreamBase.7.4\lib64\studio\plugins\org.apache.ant_1.8.3.v201301120609" />
    <property name="java.runtime.version" value="1.7.0_65-b19" />
    <property name="env.HOMEPATH" value="\Users\sbarber" />
    <property name="user.name" value="sbarber" />
    <property name="sb-junit" value="C:\Program Files (x86)\StreamBase Systems\StreamBase.7.4\lib\junit.jar" />
    <property name="user.language" value="en" />
    <property name="env.windows_tracing_flags" value="3" />
    <property name="build" value="C:\cygwin\home\sbarber\git\SBUnit-Extensions-7,4\build" />
    <property name="sun.boot.library.path" value="C:\Program Files (x86)\StreamBase Systems\StreamBase.7.4\jdk64\jre\bin" />
    <property name="env.CPATH" value="C:/PROGRA~2/Gambit-C/v4.7.1/include" />
    <property name="ant.project.default-target" value="dist" />
    <property name="ant.project.name" value="SBUNit-Extensions" />
    <property name="java.version" value="1.7.0_65" />
    <property name="env.PROCESSOR_IDENTIFIER" value="Intel64 Family 6 Model 23 Stepping 10, GenuineIntel" />
    <property name="user.timezone" value="" />
    <property name="env.INCLUDE" value="C:\PROGRA~2\Gambit-C\v4.7.1\include" />
    <property name="env.MpConfig_ProductPath" value="C:\Program Files\Windows Defender" />
    <property name="env.asl.log" value="Destination=file" />
    <property name="env.TEMP" value="C:\Users\sbarber\AppData\Local\Temp" />
    <property name="sun.arch.data.model" value="64" />
    <property name="java.endorsed.dirs" value="C:\Program Files (x86)\StreamBase Systems\StreamBase.7.4\jdk64\jre\lib\endorsed" />
    <property name="sun.cpu.isalist" value="amd64" />
    <property name="env.HOMEDRIVE" value="C:" />
    <property name="sun.jnu.encoding" value="Cp1252" />
    <property name="file.encoding.pkg" value="sun.io" />
    <property name="sb-home" value="C:\Program Files (x86)\StreamBase Systems\StreamBase.7.4" />
    <property name="file.separator" value="\" />
    <property name="java.specification.name" value="Java Platform API Specification" />
    <property name="java.class.version" value="51.0" />
    <property name="user.country" value="US" />
    <property name="java.home" value="C:\Program Files (x86)\StreamBase Systems\StreamBase.7.4\jdk64\jre" />
    <property name="env.PSModulePath" value="C:\Windows\system32\WindowsPowerShell\v1.0\Modules\" />
    <property name="env.APPDATA" value="C:\Users\sbarber\AppData\Roaming" />
    <property name="env.PUBLIC" value="C:\Users\Public" />
    <property name="env.windows_tracing_logfile" value="C:\BVTBin\Tests\installpackage\csilogfile.log" />
    <property name="java.vm.info" value="mixed mode" />
    <property name="env.ComSpec" value="C:\Windows\system32\cmd.exe" />
    <property name="env.OS" value="Windows_NT" />
    <property name="env.CommonProgramFiles" value="C:\Program Files\Common Files" />
    <property name="ant.file" value="C:\cygwin\home\sbarber\git\SBUnit-Extensions-7,4\build.xml" />
    <property name="os.version" value="6.1" />
    <property name="env.ProgramW6432" value="C:\Program Files" />
    <property name="path.separator" value=";" />
    <property name="java.vm.version" value="24.65-b04" />
    <property name="env.USERPROFILE" value="C:\Users\sbarber" />
    <property name="user.variant" value="" />
    <property name="env.MpConfig_ProductUserAppDataPath" value="C:\Users\sbarber\AppData\Local\Microsoft\Windows Defender" />
    <property name="ant.library.dir" value="C:\Program Files (x86)\StreamBase Systems\StreamBase.7.4\lib64\studio\plugins\org.apache.ant_1.8.3.v201301120609\lib" />
    <property name="env.LIB" value="C:\PROGRA~2\Gambit-C\v4.7.1\lib" />
    <property name="env.GOROOT" value="C:\Go\" />
    <property name="sb-adapter-common" value="C:\Program Files (x86)\StreamBase Systems\StreamBase.7.4\lib\ext\sb-adapter-common.jar" />
    <property name="env.JAVA_HOME" value="C:\Program Files (x86)\Java\jre7" />
    <property name="java.awt.printerjob" value="sun.awt.windows.WPrinterJob" />
    <property name="env.TMP" value="C:\Users\sbarber\AppData\Local\Temp" />
    <property name="sun.io.unicode.encoding" value="UnicodeLittle" />
    <property name="awt.toolkit" value="sun.awt.windows.WToolkit" />
    <property name="user.script" value="" />
    <property name="user.home" value="C:\Users\sbarber" />
    <property name="env.LIBRARY_PATH" value="C:/PROGRA~2/Gambit-C/v4.7.1/lib" />
    <property name="env.ProgramData" value="C:\ProgramData" />
    <property name="env.ProgramFiles(x86)" value="C:\Program Files (x86)" />
    <property name="env.SESSIONNAME" value="Console" />
    <property name="env.CLASSPATH" value="C:\tibco\tibrv\8.4\lib\tibrvnative.jar" />
    <property name="java.specification.vendor" value="Oracle Corporation" />
    <property name="java.vendor.url" value="http://java.oracle.com/" />
    <property name="java.library.path" value="C:\Program Files (x86)\StreamBase Systems\StreamBase.7.4\jdk64\jre\bin;C:\Windows\Sun\Java\bin;C:\Windows\system32;C:\Windows;C:/Program Files (x86)/StreamBase Systems/StreamBase.7.4/bin64;C:/Program Files (x86)/StreamBase Systems/StreamBase.7.4\bin;C:\oraclexe\app\oracle\product\11.2.0\server\bin;;C:\ProgramData\Oracle\Java\javapath;C:\tibco\tibrv\8.4\bin;C:\Program Files\Common Files\Microsoft Shared\Windows Live;C:\Program Files (x86)\Common Files\Microsoft Shared\Windows Live;C:\Windows\system32;C:\Windows;C:\Windows\System32\Wbem;C:\Windows\System32\WindowsPowerShell\v1.0\;C:\Program Files\TortoiseHg\;C:\Program Files\Mercurial\;C:\Program Files (x86)\Git\cmd;C:\Program Files\Microsoft Windows Performance Toolkit\;C:\Program Files (x86)\Windows Live\Shared;c:\Program Files (x86)\Microsoft SQL Server\100\Tools\Binn\;c:\Program Files\Microsoft SQL Server\100\Tools\Binn\;c:\Program Files\Microsoft SQL Server\100\DTS\Binn\;C:\Program Files (x86)\MySQL\MySQL Utilities 1.3.4\;C:\Program Files (x86)\CMake 2.8\bin;C:\Program Files (x86)\QuickTime\QTSystem\;C:\Go\bin;C:\Program Files\nodejs\;C:\PROGRA~2\Gambit-C\v4.7.1\bin;C:\Program Files (x86)\Java\jre7\bin;C:\tibco\as\2.1\bin;C:\tibco\as\2.1\lib;C:\EPD-2.7.3;C:\EPD-2.7.3\Scripts;C:\Program Files (x86)\OpenVPN\bin;C:\mongodb2_4\bin;c:\java\apache-maven-3.0.5\bin;C:\Program Files\TIBCO\terr20;C:\Users\sbarber\AppData\Roaming\npm;." />
    <property name="env.NUMBER_OF_PROCESSORS" value="2" />
    <property name="env.USERDNSDOMAIN" value="AD.STREAMBASE.COM" />
    <property name="java.vm.vendor" value="Oracle Corporation" />
    <property name="env.MpConfig_ReportingGUID" value="A032988A-280F-4E5E-B75F-E6FC11921860" />
    <property name="java.runtime.name" value="Java(TM) SE Runtime Environment" />
    <property name="java.class.path" value="C:\cygwin\home\sbarber\git\SBUnit-Extensions-7,4\lib\gson-1.7.1-javadoc.jar;C:\cygwin\home\sbarber\git\SBUnit-Extensions-7,4\lib\gson-1.7.1-sources.jar;C:\cygwin\home\sbarber\git\SBUnit-Extensions-7,4\lib\gson-1.7.1.jar;C:\Program Files (x86)\StreamBase Systems\StreamBase.7.4\lib\sbclient.jar;C:\Program Files (x86)\StreamBase Systems\StreamBase.7.4\lib\sbtest-unit.jar;C:\Program Files (x86)\StreamBase Systems\StreamBase.7.4\lib\ext\sb-adapter-common.jar;C:\Program Files (x86)\StreamBase Systems\StreamBase.7.4\lib\junit.jar;C:\Program Files (x86)\StreamBase Systems\StreamBase.7.4\lib\sbserver.jar;C:\cygwin\home\sbarber\git\SBUnit-Extensions-7,4\build\java-bin;C:\cygwin\home\sbarber\git\SBUnit-Extensions-7,4\build\test-bin;C:\tibco\tibrv\8.4\lib\tibrvnative.jar;C:\Program Files (x86)\StreamBase Systems\StreamBase.7.4\lib64\studio\plugins\org.apache.ant_1.8.3.v201301120609\lib\ant-launcher.jar;C:\Program Files (x86)\StreamBase Systems\StreamBase.7.4\lib64\studio\plugins\org.apache.ant_1.8.3.v201301120609\lib\ant.jar;C:\Program Files (x86)\StreamBase Systems\StreamBase.7.4\lib64\studio\plugins\org.apache.ant_1.8.3.v201301120609\lib\ant-junit.jar;C:\Program Files (x86)\StreamBase Systems\StreamBase.7.4\lib64\studio\plugins\org.apache.ant_1.8.3.v201301120609\lib\ant-junit4.jar" />
    <property name="sun.java.command" value="org.apache.tools.ant.taskdefs.optional.junit.JUnitTestRunner com.streambase.sbunit.ext.ValueMatcherTest filtertrace=true haltOnError=false haltOnFailure=true formatter=org.apache.tools.ant.taskdefs.optional.junit.SummaryJUnitResultFormatter showoutput=false outputtoformatters=true logfailedtests=true logtestlistenerevents=false formatter=org.apache.tools.ant.taskdefs.optional.junit.XMLJUnitResultFormatter,C:\cygwin\home\sbarber\git\SBUnit-Extensions-7,4\build\test-doc\TEST-com.streambase.sbunit.ext.ValueMatcherTest.xml crashfile=C:\cygwin\home\sbarber\git\SBUnit-Extensions-7,4\junitvmwatcher7484933078471335663.properties propsfile=C:\cygwin\home\sbarber\git\SBUnit-Extensions-7,4\junit6567770335054760232.properties" />
    <property name="ant.version" value="Apache Ant(TM) version 1.8.3 compiled on February 26 2012" />
    <property name="test-bin" value="C:\cygwin\home\sbarber\git\SBUnit-Extensions-7,4\build\test-bin" />
    <property name="test-doc" value="C:\cygwin\home\sbarber\git\SBUnit-Extensions-7,4\build\test-doc" />
    <property name="java.vm.specification.name" value="Java Virtual Machine Specification" />
    <property name="env.LOGONSERVER" value="\\WIN2008-DC2" />
    <property name="env.windir" value="C:\Windows" />
    <property name="java.vm.specification.version" value="1.7" />
    <property name="env.PROCESSOR_ARCHITECTURE" value="AMD64" />
    <property name="test-src" value="C:\cygwin\home\sbarber\git\SBUnit-Extensions-7,4\test-src" />
    <property name="sun.cpu.endian" value="little" />
    <property name="sun.os.patch.level" value="Service Pack 1" />
    <property name="env.HOME" value="C:\cygwin\home\sbarber" />
    <property name="env.ProgramFiles" value="C:\Program Files" />
    <property name="env.ANT_HOME" value="C:\Program Files (x86)\StreamBase Systems\StreamBase.7.4\lib64\studio\plugins\org.apache.ant_1.8.3.v201301120609" />
    <property name="java.io.tmpdir" value="C:\Users\sbarber\AppData\Local\Temp\" />
    <property name="env.PROCESSOR_REVISION" value="170a" />
    <property name="env.CommonProgramFiles(x86)" value="C:\Program Files (x86)\Common Files" />
    <property name="env.MpConfig_ProductAppDataPath" value="C:\ProgramData\Microsoft\Windows Defender" />
    <property name="java.vendor.url.bug" value="http://bugreport.sun.com/bugreport/" />
    <property name="env.SystemRoot" value="C:\Windows" />
    <property name="env.STREAMBASE_HOME" value="C:/Program Files (x86)/StreamBase Systems/StreamBase.7.4" />
    <property name="java-bin" value="C:\cygwin\home\sbarber\git\SBUnit-Extensions-7,4\build\java-bin" />
    <property name="java.awt.graphicsenv" value="sun.awt.Win32GraphicsEnvironment" />
    <property name="os.arch" value="amd64" />
    <property name="java-doc" value="C:\cygwin\home\sbarber\git\SBUnit-Extensions-7,4\build\java-doc" />
    <property name="java.ext.dirs" value="C:\Program Files (x86)\StreamBase Systems\StreamBase.7.4\jdk64\jre\lib\ext;C:\Windows\Sun\Java\lib\ext" />
    <property name="env.AS_HOME" value="C:\tibco\as\2.1" />
    <property name="env.LOCALAPPDATA" value="C:\Users\sbarber\AppData\Local" />
    <property name="user.dir" value="C:\cygwin\home\sbarber\git\SBUnit-Extensions-7,4" />
    <property name="sb-client" value="C:\Program Files (x86)\StreamBase Systems\StreamBase.7.4\lib\sbclient.jar" />
    <property name="sb-server" value="C:\Program Files (x86)\StreamBase Systems\StreamBase.7.4\lib\sbserver.jar" />
    <property name="line.separator" value="&#xd;&#xa;" />
    <property name="java.vm.name" value="Java HotSpot(TM) 64-Bit Server VM" />
    <property name="java-src" value="C:\cygwin\home\sbarber\git\SBUnit-Extensions-7,4\java-src" />
    <property name="env.PATHEXT" value=".COM;.EXE;.BAT;.CMD;.VBS;.VBE;.JS;.JSE;.WSF;.WSH;.MSC" />
    <property name="env.Path" value="C:/Program Files (x86)/StreamBase Systems/StreamBase.7.4/bin64;C:/Program Files (x86)/StreamBase Systems/StreamBase.7.4\bin;C:\oraclexe\app\oracle\product\11.2.0\server\bin;;C:\ProgramData\Oracle\Java\javapath;C:\tibco\tibrv\8.4\bin;C:\Program Files\Common Files\Microsoft Shared\Windows Live;C:\Program Files (x86)\Common Files\Microsoft Shared\Windows Live;C:\Windows\system32;C:\Windows;C:\Windows\System32\Wbem;C:\Windows\System32\WindowsPowerShell\v1.0\;C:\Program Files\TortoiseHg\;C:\Program Files\Mercurial\;C:\Program Files (x86)\Git\cmd;C:\Program Files\Microsoft Windows Performance Toolkit\;C:\Program Files (x86)\Windows Live\Shared;c:\Program Files (x86)\Microsoft SQL Server\100\Tools\Binn\;c:\Program Files\Microsoft SQL Server\100\Tools\Binn\;c:\Program Files\Microsoft SQL Server\100\DTS\Binn\;C:\Program Files (x86)\MySQL\MySQL Utilities 1.3.4\;C:\Program Files (x86)\CMake 2.8\bin;C:\Program Files (x86)\QuickTime\QTSystem\;C:\Go\bin;C:\Program Files\nodejs\;C:\PROGRA~2\Gambit-C\v4.7.1\bin;C:\Program Files (x86)\Java\jre7\bin;C:\tibco\as\2.1\bin;C:\tibco\as\2.1\lib;C:\EPD-2.7.3;C:\EPD-2.7.3\Scripts;C:\Program Files (x86)\OpenVPN\bin;C:\mongodb2_4\bin;c:\java\apache-maven-3.0.5\bin;C:\Program Files\TIBCO\terr20;C:\Users\sbarber\AppData\Roaming\npm" />
    <property name="basedir" value="C:\cygwin\home\sbarber\git\SBUnit-Extensions-7,4" />
    <property name="env.TEAMCITY_DATA_PATH" value="C:\ProgramData\JetBrains\TeamCity" />
    <property name="ant.java.version" value="1.7" />
    <property name="ant.core.lib" value="C:\Program Files (x86)\StreamBase Systems\StreamBase.7.4\lib64\studio\plugins\org.apache.ant_1.8.3.v201301120609\lib\ant.jar" />
    <property name="env.USERNAME" value="sbarber" />
    <property name="env.SystemDrive" value="C:" />
    <property name="file.encoding" value="Cp1252" />
    <property name="sb-test" value="C:\Program Files (x86)\StreamBase Systems\StreamBase.7.4\lib\sbtest-unit.jar" />
    <property name="env.USERDOMAIN" value="AD" />
    <property name="ant.file.type.SBUNit-Extensions" value="file" />
    <property name="java.specification.version" value="1.7" />
    <property name="env.MpConfig_ProductCodeName" value="AntiSpyware" />
    <property name="ant.project.invoked-targets" value="dist" />
    <property name="env.PROCESSOR_LEVEL" value="6" />
  </properties>
  <testcase classname="com.streambase.sbunit.ext.ValueMatcherTest" name="testNothingMatcher" time="0.004" />
  <testcase classname="com.streambase.sbunit.ext.ValueMatcherTest" name="testEqualsMatcher" time="0.0" />
  <testcase classname="com.streambase.sbunit.ext.ValueMatcherTest" name="testDoubleMatchers" time="0.019" />
  <testcase classname="com.streambase.sbunit.ext.ValueMatcherTest" name="testNullMatcher" time="0.001" />
  <testcase classname="com.streambase.sbunit.ext.ValueMatcherTest" name="testNonNullMatcher" time="0.021" />
  <testcase classname="com.streambase.sbunit.ext.ValueMatcherTest" name="testAnythingMatcher" time="0.001" />
  <testcase classname="com.streambase.sbunit.ext.ValueMatcherTest" name="testAnyAndAllMatchers" time="0.092" />
  <testcase classname="com.streambase.sbunit.ext.ValueMatcherTest" name="testNotMatcher" time="0.001" />
  <testcase classname="com.streambase.sbunit.ext.ValueMatcherTest" name="testListMatcher" time="0.012" />
  <system-out><![CDATA[]]></system-out>
  <system-err><![CDATA[]]></system-err>
</testsuite>
