<?xml version="1.0" encoding="UTF-8" ?>
<testsuite errors="0" failures="0" hostname="sbarber-lap" name="com.streambase.sbunit.ext.StreamMatcherTest" skipped="0" tests="3" time="7.473" timestamp="2016-06-05T16:19:36">
  <properties>
    <property name="java.vendor" value="Oracle Corporation" />
    <property name="sun.java.launcher" value="SUN_STANDARD" />
    <property name="sun.management.compiler" value="HotSpot 64-Bit Tiered Compilers" />
    <property name="env.PROMPT" value="$P$G" />
    <property name="lib" value="C:\cygwin\home\sbarber\git\SBUnit-Extensions-7.6\lib" />
    <property name="os.name" value="Windows 7" />
    <property name="env.FP_NO_HOST_CHECK" value="NO" />
    <property name="sun.boot.class.path" value="C:\tibco\sb-cep\7.6\jdk\jre\lib\resources.jar;C:\tibco\sb-cep\7.6\jdk\jre\lib\rt.jar;C:\tibco\sb-cep\7.6\jdk\jre\lib\sunrsasign.jar;C:\tibco\sb-cep\7.6\jdk\jre\lib\jsse.jar;C:\tibco\sb-cep\7.6\jdk\jre\lib\jce.jar;C:\tibco\sb-cep\7.6\jdk\jre\lib\charsets.jar;C:\tibco\sb-cep\7.6\jdk\jre\lib\jfr.jar;C:\tibco\sb-cep\7.6\jdk\jre\classes" />
    <property name="env.COMPUTERNAME" value="SBARBER-LAP" />
    <property name="env.CommonProgramW6432" value="C:\Program Files\Common Files" />
    <property name="ant.file.SBUNit-Extensions" value="C:\cygwin\home\sbarber\git\SBUnit-Extensions-7.6\build.xml" />
    <property name="env.ALLUSERSPROFILE" value="C:\ProgramData" />
    <property name="sun.desktop" value="windows" />
    <property name="java.vm.specification.vendor" value="Oracle Corporation" />
    <property name="ant.home" value="C:\tibco\sb-cep\7.6\lib\studio\plugins\org.apache.ant_1.9.2.v201404171502" />
    <property name="java.runtime.version" value="1.8.0_73-b02" />
    <property name="env.HOMEPATH" value="\Users\sbarber" />
    <property name="user.name" value="sbarber" />
    <property name="sb-junit" value="c:\tibco\sb-cep\7.6\lib\junit.jar" />
    <property name="user.language" value="en" />
    <property name="env.windows_tracing_flags" value="3" />
    <property name="build" value="C:\cygwin\home\sbarber\git\SBUnit-Extensions-7.6\build" />
    <property name="sun.boot.library.path" value="C:\tibco\sb-cep\7.6\jdk\jre\bin" />
    <property name="env.CPATH" value="C:/PROGRA~2/Gambit-C/v4.7.1/include" />
    <property name="ant.project.default-target" value="dist" />
    <property name="sb-hamcrest-core" value="c:\tibco\sb-cep\7.6\lib\hamcrest-core.jar" />
    <property name="ant.project.name" value="SBUNit-Extensions" />
    <property name="java.version" value="1.8.0_73" />
    <property name="env.PROCESSOR_IDENTIFIER" value="Intel64 Family 6 Model 23 Stepping 10, GenuineIntel" />
    <property name="user.timezone" value="" />
    <property name="env.INCLUDE" value="C:\PROGRA~2\Gambit-C\v4.7.1\include" />
    <property name="env.MpConfig_ProductPath" value="C:\Program Files\Windows Defender" />
    <property name="env.asl.log" value="Destination=file" />
    <property name="env.TEMP" value="C:\Users\sbarber\AppData\Local\Temp" />
    <property name="sun.arch.data.model" value="64" />
    <property name="java.endorsed.dirs" value="C:\tibco\sb-cep\7.6\jdk\jre\lib\endorsed" />
    <property name="sun.cpu.isalist" value="amd64" />
    <property name="env.HOMEDRIVE" value="C:" />
    <property name="sun.jnu.encoding" value="Cp1252" />
    <property name="file.encoding.pkg" value="sun.io" />
    <property name="sb-home" value="c:\tibco\sb-cep\7.6" />
    <property name="env.TERR_HOME" value="C:\Program Files\TIBCO\terr40" />
    <property name="file.separator" value="\" />
    <property name="java.specification.name" value="Java Platform API Specification" />
    <property name="java.class.version" value="52.0" />
    <property name="user.country" value="US" />
    <property name="java.home" value="C:\tibco\sb-cep\7.6\jdk\jre" />
    <property name="env.PSModulePath" value="C:\Windows\system32\WindowsPowerShell\v1.0\Modules\" />
    <property name="env.APPDATA" value="C:\Users\sbarber\AppData\Roaming" />
    <property name="env.PUBLIC" value="C:\Users\Public" />
    <property name="env.windows_tracing_logfile" value="C:\BVTBin\Tests\installpackage\csilogfile.log" />
    <property name="java.vm.info" value="mixed mode" />
    <property name="env.ComSpec" value="C:\Windows\system32\cmd.exe" />
    <property name="env.OS" value="Windows_NT" />
    <property name="env.CommonProgramFiles" value="C:\Program Files\Common Files" />
    <property name="ant.file" value="C:\cygwin\home\sbarber\git\SBUnit-Extensions-7.6\build.xml" />
    <property name="os.version" value="6.1" />
    <property name="env.ProgramW6432" value="C:\Program Files" />
    <property name="path.separator" value=";" />
    <property name="java.vm.version" value="25.73-b02" />
    <property name="env.USERPROFILE" value="C:\Users\sbarber" />
    <property name="user.variant" value="" />
    <property name="env.MpConfig_ProductUserAppDataPath" value="C:\Users\sbarber\AppData\Local\Microsoft\Windows Defender" />
    <property name="ant.library.dir" value="C:\tibco\sb-cep\7.6\lib\studio\plugins\org.apache.ant_1.9.2.v201404171502\lib" />
    <property name="env.LIB" value="C:\PROGRA~2\Gambit-C\v4.7.1\lib" />
    <property name="env.GOROOT" value="C:\Go\" />
    <property name="sb-adapter-common" value="c:\tibco\sb-cep\7.6\lib\ext\sb-adapter-common.jar" />
    <property name="env.JAVA_HOME" value="C:\tibco\sb-cep\7.6\jdk64" />
    <property name="java.awt.printerjob" value="sun.awt.windows.WPrinterJob" />
    <property name="env.TMP" value="C:\Users\sbarber\AppData\Local\Temp" />
    <property name="sun.io.unicode.encoding" value="UnicodeLittle" />
    <property name="awt.toolkit" value="sun.awt.windows.WToolkit" />
    <property name="user.script" value="" />
    <property name="env.DOCKER_TOOLBOX_INSTALL_PATH" value="C:\Program Files\Docker Toolbox" />
    <property name="user.home" value="C:\Users\sbarber" />
    <property name="env.LIBRARY_PATH" value="C:/PROGRA~2/Gambit-C/v4.7.1/lib" />
    <property name="env.ProgramData" value="C:\ProgramData" />
    <property name="env.ProgramFiles(x86)" value="C:\Program Files (x86)" />
    <property name="env.SESSIONNAME" value="Console" />
    <property name="env.CLASSPATH" value="C:\tibco\tibrv\8.4\lib\tibrvnative.jar" />
    <property name="java.specification.vendor" value="Oracle Corporation" />
    <property name="java.library.path" value="C:\tibco\sb-cep\7.6\jdk\jre\bin;C:\Windows\Sun\Java\bin;C:\Windows\system32;C:\Windows;C:/tibco/sb-cep/7.6/bin64;C:/tibco/sb-cep/7.6\bin;C:\ProgramData\Oracle\Java\javapath;C:\tibco\sb-cep\7.6\bin;C:\oraclexe\app\oracle\product\11.2.0\server\bin;C:\tibco\tibrv\8.4\bin;C:\Program Files\Common Files\Microsoft Shared\Windows Live;C:\Program Files (x86)\Common Files\Microsoft Shared\Windows Live;C:\Windows\system32;C:\Windows;C:\Windows\System32\Wbem;C:\Windows\System32\WindowsPowerShell\v1.0\;C:\Program Files\TortoiseHg\;C:\Program Files\Mercurial\;C:\Program Files\Microsoft Windows Performance Toolkit\;C:\Program Files (x86)\Windows Live\Shared;c:\Program Files (x86)\Microsoft SQL Server\100\Tools\Binn\;c:\Program Files\Microsoft SQL Server\100\Tools\Binn\;c:\Program Files\Microsoft SQL Server\100\DTS\Binn\;C:\Program Files (x86)\MySQL\MySQL Utilities 1.3.4\;C:\Program Files (x86)\CMake 2.8\bin;C:\HashiCorp\Vagrant\bin;C:\java\apache-ant-1.9.2/bin;C:\Program Files (x86)\Skype\Phone\;C:\Go\bin;C:\Program Files\nodejs\;c:\tibco\as\2.1\lib;c:\tibco\as\2.1\bin;C:\ProgramData\Oracle\Java\javapath;C:\tibco\sb-cep\7.6\bin;C:\oraclexe\app\oracle\product\11.2.0\server\bin;C:\tibco\tibrv\8.4\bin;C:\Program Files\Common Files\Microsoft Shared\Windows Live;C:\Program Files (x86)\Common Files\Microsoft Shared\Windows Live;C:\Windows\system32;C:\Windows;C:\Windows\System32\Wbem;C:\Windows\System32\WindowsPowerShell\v1.0\;C:\Program Files\TortoiseHg\;C:\Program Files\Mercurial\;C:\Program Files\Microsoft Windows Performance Toolkit\;C:\Program Files (x86)\Windows Live\Shared;c:\Program Files (x86)\Microsoft SQL Server\100\Tools\Binn\;c:\Program Files\Microsoft SQL Server\100\Tools\Binn\;c:\Program Files\Microsoft SQL Server\100\DTS\Binn\;C:\Program Files (x86)\MySQL\MySQL Utilities 1.3.4\;C:\Program Files (x86)\CMake 2.8\bin;C:\HashiCorp\Vagrant\bin;C:\java\apache-ant-1.9.2/bin;C:\Program Files (x86)\Skype\Phone\;C:\Go\bin;C:\Program Files\nodejs\;C:\PROGRA~2\Gambit-C\v4.7.1\bin;C:\tibco\sb-cep\7.6\jdk64\bin;c:\tibco\as\2.1\bin;c:\tibco;." />
    <property name="java.vendor.url" value="http://java.oracle.com/" />
    <property name="env.NUMBER_OF_PROCESSORS" value="2" />
    <property name="env.USERDNSDOMAIN" value="AD.STREAMBASE.COM" />
    <property name="java.vm.vendor" value="Oracle Corporation" />
    <property name="env.MpConfig_ReportingGUID" value="A032988A-280F-4E5E-B75F-E6FC11921860" />
    <property name="java.runtime.name" value="Java(TM) SE Runtime Environment" />
    <property name="ant.version" value="Apache Ant(TM) version 1.9.2 compiled on July 8 2013" />
    <property name="sun.java.command" value="org.apache.tools.ant.taskdefs.optional.junit.JUnitTestRunner com.streambase.sbunit.ext.StreamMatcherTest filtertrace=true haltOnError=false haltOnFailure=true formatter=org.apache.tools.ant.taskdefs.optional.junit.SummaryJUnitResultFormatter showoutput=false outputtoformatters=true logfailedtests=true logtestlistenerevents=false formatter=org.apache.tools.ant.taskdefs.optional.junit.XMLJUnitResultFormatter,C:\cygwin\home\sbarber\git\SBUnit-Extensions-7.6\build\test-doc\TEST-com.streambase.sbunit.ext.StreamMatcherTest.xml crashfile=C:\cygwin\home\sbarber\git\SBUnit-Extensions-7.6\junitvmwatcher1424215714784028951.properties propsfile=C:\cygwin\home\sbarber\git\SBUnit-Extensions-7.6\junit2031419404557508883.properties" />
    <property name="java.class.path" value="C:\cygwin\home\sbarber\git\SBUnit-Extensions-7.6\lib\gson-1.7.1-javadoc.jar;C:\cygwin\home\sbarber\git\SBUnit-Extensions-7.6\lib\gson-1.7.1-sources.jar;C:\cygwin\home\sbarber\git\SBUnit-Extensions-7.6\lib\gson-1.7.1.jar;c:\tibco\sb-cep\7.6\lib\sbclient.jar;c:\tibco\sb-cep\7.6\lib\sbtest-unit.jar;c:\tibco\sb-cep\7.6\lib\ext\sb-adapter-common.jar;c:\tibco\sb-cep\7.6\lib\junit.jar;c:\tibco\sb-cep\7.6\lib\hamcrest-core.jar;c:\tibco\sb-cep\7.6\lib\sbserver.jar;C:\cygwin\home\sbarber\git\SBUnit-Extensions-7.6\build\java-bin;C:\cygwin\home\sbarber\git\SBUnit-Extensions-7.6\build\test-bin;C:\tibco\tibrv\8.4\lib\tibrvnative.jar;C:\tibco\sb-cep\7.6\lib\studio\plugins\org.apache.ant_1.9.2.v201404171502\lib\ant-launcher.jar;C:\tibco\sb-cep\7.6\lib\studio\plugins\org.apache.ant_1.9.2.v201404171502\lib\ant.jar;C:\tibco\sb-cep\7.6\lib\studio\plugins\org.apache.ant_1.9.2.v201404171502\lib\ant-junit.jar;C:\tibco\sb-cep\7.6\lib\studio\plugins\org.apache.ant_1.9.2.v201404171502\lib\ant-junit4.jar" />
    <property name="test-bin" value="C:\cygwin\home\sbarber\git\SBUnit-Extensions-7.6\build\test-bin" />
    <property name="test-doc" value="C:\cygwin\home\sbarber\git\SBUnit-Extensions-7.6\build\test-doc" />
    <property name="env.FTL_HOME" value="c:\tibco\ftl\4.3" />
    <property name="java.vm.specification.name" value="Java Virtual Machine Specification" />
    <property name="env.windir" value="C:\Windows" />
    <property name="env.LOGONSERVER" value="\\WIN2008-DC2" />
    <property name="env.PROCESSOR_ARCHITECTURE" value="AMD64" />
    <property name="java.vm.specification.version" value="1.8" />
    <property name="sun.os.patch.level" value="Service Pack 1" />
    <property name="test-src" value="C:\cygwin\home\sbarber\git\SBUnit-Extensions-7.6\test-src" />
    <property name="sun.cpu.endian" value="little" />
    <property name="env.HOME" value="C:\cygwin\home\sbarber" />
    <property name="env.ProgramFiles" value="C:\Program Files" />
    <property name="env.ANT_HOME" value="C:\tibco\sb-cep\7.6\lib\studio\plugins\org.apache.ant_1.9.2.v201404171502" />
    <property name="java.io.tmpdir" value="C:\Users\sbarber\AppData\Local\Temp\" />
    <property name="env.PROCESSOR_REVISION" value="170a" />
    <property name="env.MpConfig_ProductAppDataPath" value="C:\ProgramData\Microsoft\Windows Defender" />
    <property name="env.CommonProgramFiles(x86)" value="C:\Program Files (x86)\Common Files" />
    <property name="java.vendor.url.bug" value="http://bugreport.sun.com/bugreport/" />
    <property name="env.SystemRoot" value="C:\Windows" />
    <property name="env.STREAMBASE_HOME" value="c:\tibco\sb-cep\7.6" />
    <property name="java-bin" value="C:\cygwin\home\sbarber\git\SBUnit-Extensions-7.6\build\java-bin" />
    <property name="java.awt.graphicsenv" value="sun.awt.Win32GraphicsEnvironment" />
    <property name="os.arch" value="amd64" />
    <property name="java-doc" value="C:\cygwin\home\sbarber\git\SBUnit-Extensions-7.6\build\java-doc" />
    <property name="java.ext.dirs" value="C:\tibco\sb-cep\7.6\jdk\jre\lib\ext;C:\Windows\Sun\Java\lib\ext" />
    <property name="env.AS_HOME" value="c:\tibco\as\2.1" />
    <property name="user.dir" value="C:\cygwin\home\sbarber\git\SBUnit-Extensions-7.6" />
    <property name="env.LOCALAPPDATA" value="C:\Users\sbarber\AppData\Local" />
    <property name="sb-client" value="c:\tibco\sb-cep\7.6\lib\sbclient.jar" />
    <property name="sb-server" value="c:\tibco\sb-cep\7.6\lib\sbserver.jar" />
    <property name="line.separator" value="&#xd;&#xa;" />
    <property name="java.vm.name" value="Java HotSpot(TM) 64-Bit Server VM" />
    <property name="java-src" value="C:\cygwin\home\sbarber\git\SBUnit-Extensions-7.6\java-src" />
    <property name="env.PATHEXT" value=".COM;.EXE;.BAT;.CMD;.VBS;.VBE;.JS;.JSE;.WSF;.WSH;.MSC" />
    <property name="env.Path" value="C:/tibco/sb-cep/7.6/bin64;C:/tibco/sb-cep/7.6\bin;C:\ProgramData\Oracle\Java\javapath;C:\tibco\sb-cep\7.6\bin;C:\oraclexe\app\oracle\product\11.2.0\server\bin;C:\tibco\tibrv\8.4\bin;C:\Program Files\Common Files\Microsoft Shared\Windows Live;C:\Program Files (x86)\Common Files\Microsoft Shared\Windows Live;C:\Windows\system32;C:\Windows;C:\Windows\System32\Wbem;C:\Windows\System32\WindowsPowerShell\v1.0\;C:\Program Files\TortoiseHg\;C:\Program Files\Mercurial\;C:\Program Files\Microsoft Windows Performance Toolkit\;C:\Program Files (x86)\Windows Live\Shared;c:\Program Files (x86)\Microsoft SQL Server\100\Tools\Binn\;c:\Program Files\Microsoft SQL Server\100\Tools\Binn\;c:\Program Files\Microsoft SQL Server\100\DTS\Binn\;C:\Program Files (x86)\MySQL\MySQL Utilities 1.3.4\;C:\Program Files (x86)\CMake 2.8\bin;C:\HashiCorp\Vagrant\bin;C:\java\apache-ant-1.9.2/bin;C:\Program Files (x86)\Skype\Phone\;C:\Go\bin;C:\Program Files\nodejs\;c:\tibco\as\2.1\lib;c:\tibco\as\2.1\bin;C:\ProgramData\Oracle\Java\javapath;C:\tibco\sb-cep\7.6\bin;C:\oraclexe\app\oracle\product\11.2.0\server\bin;C:\tibco\tibrv\8.4\bin;C:\Program Files\Common Files\Microsoft Shared\Windows Live;C:\Program Files (x86)\Common Files\Microsoft Shared\Windows Live;C:\Windows\system32;C:\Windows;C:\Windows\System32\Wbem;C:\Windows\System32\WindowsPowerShell\v1.0\;C:\Program Files\TortoiseHg\;C:\Program Files\Mercurial\;C:\Program Files\Microsoft Windows Performance Toolkit\;C:\Program Files (x86)\Windows Live\Shared;c:\Program Files (x86)\Microsoft SQL Server\100\Tools\Binn\;c:\Program Files\Microsoft SQL Server\100\Tools\Binn\;c:\Program Files\Microsoft SQL Server\100\DTS\Binn\;C:\Program Files (x86)\MySQL\MySQL Utilities 1.3.4\;C:\Program Files (x86)\CMake 2.8\bin;C:\HashiCorp\Vagrant\bin;C:\java\apache-ant-1.9.2/bin;C:\Program Files (x86)\Skype\Phone\;C:\Go\bin;C:\Program Files\nodejs\;C:\PROGRA~2\Gambit-C\v4.7.1\bin;C:\tibco\sb-cep\7.6\jdk64\bin;c:\tibco\as\2.1\bin;c:\tibco" />
    <property name="env.TEAMCITY_DATA_PATH" value="C:\ProgramData\JetBrains\TeamCity" />
    <property name="basedir" value="C:\cygwin\home\sbarber\git\SBUnit-Extensions-7.6" />
    <property name="ant.java.version" value="1.8" />
    <property name="ant.core.lib" value="C:\tibco\sb-cep\7.6\lib\studio\plugins\org.apache.ant_1.9.2.v201404171502\lib\ant.jar" />
    <property name="env.USERNAME" value="sbarber" />
    <property name="env.SystemDrive" value="C:" />
    <property name="file.encoding" value="Cp1252" />
    <property name="sb-test" value="c:\tibco\sb-cep\7.6\lib\sbtest-unit.jar" />
    <property name="env.USERDOMAIN" value="AD" />
    <property name="ant.file.type.SBUNit-Extensions" value="file" />
    <property name="java.specification.version" value="1.8" />
    <property name="env.MpConfig_ProductCodeName" value="AntiSpyware" />
    <property name="ant.project.invoked-targets" value="clean,dist" />
    <property name="env.VBOX_MSI_INSTALL_PATH" value="C:\Program Files\Oracle\VirtualBox\" />
    <property name="env.PROCESSOR_LEVEL" value="6" />
  </properties>
  <testcase classname="com.streambase.sbunit.ext.StreamMatcherTest" name="testExpectNTuples" time="0.905" />
  <testcase classname="com.streambase.sbunit.ext.StreamMatcherTest" name="testExpectNothing" time="0.109" />
  <testcase classname="com.streambase.sbunit.ext.StreamMatcherTest" name="testExpectFields" time="0.015" />
  <system-out><![CDATA[]]></system-out>
  <system-err><![CDATA[]]></system-err>
</testsuite>
