<?xml version="1.0" encoding="UTF-8" ?>
<testsuite errors="0" failures="0" hostname="morbo" name="com.streambase.sbunit.ext.ValueMatcherTest" tests="9" time="0.117" timestamp="2011-10-05T18:03:42">
  <properties>
    <property name="java.vendor" value="Sun Microsystems Inc." />
    <property name="sun.java.launcher" value="SUN_STANDARD" />
    <property name="sun.management.compiler" value="HotSpot 64-Bit Tiered Compilers" />
    <property name="lib" value="/home/fowles/streambase-studio-7.0-workspace/sbunit-extensions/lib" />
    <property name="os.name" value="Linux" />
    <property name="sun.boot.class.path" value="/usr/lib/jvm/java-6-openjdk/jre/lib/resources.jar:/usr/lib/jvm/java-6-openjdk/jre/lib/rt.jar:/usr/lib/jvm/java-6-openjdk/jre/lib/sunrsasign.jar:/usr/lib/jvm/java-6-openjdk/jre/lib/jsse.jar:/usr/lib/jvm/java-6-openjdk/jre/lib/jce.jar:/usr/lib/jvm/java-6-openjdk/jre/lib/charsets.jar:/usr/lib/jvm/java-6-openjdk/jre/lib/netx.jar:/usr/lib/jvm/java-6-openjdk/jre/lib/plugin.jar:/usr/lib/jvm/java-6-openjdk/jre/lib/rhino.jar:/usr/lib/jvm/java-6-openjdk/jre/lib/modules/jdk.boot.jar:/usr/lib/jvm/java-6-openjdk/jre/classes" />
    <property name="ant.file.SBUNit-Extensions" value="/home/fowles/streambase-studio-7.0-workspace/sbunit-extensions/build.xml" />
    <property name="sun.desktop" value="gnome" />
    <property name="java.vm.specification.vendor" value="Sun Microsystems Inc." />
    <property name="ant.home" value="/usr/share/ant" />
    <property name="java.runtime.version" value="1.6.0_22-b22" />
    <property name="user.name" value="fowles" />
    <property name="sb-junit" value="/opt/streambase/lib/junit.jar" />
    <property name="user.language" value="en" />
    <property name="build" value="/home/fowles/streambase-studio-7.0-workspace/sbunit-extensions/build" />
    <property name="sun.boot.library.path" value="/usr/lib/jvm/java-6-openjdk/jre/lib/amd64" />
    <property name="ant.project.default-target" value="dist" />
    <property name="ant.project.name" value="SBUNit-Extensions" />
    <property name="java.version" value="1.6.0_22" />
    <property name="user.timezone" value="" />
    <property name="sun.arch.data.model" value="64" />
    <property name="java.endorsed.dirs" value="/usr/lib/jvm/java-6-openjdk/jre/lib/endorsed" />
    <property name="sun.cpu.isalist" value="" />
    <property name="sun.jnu.encoding" value="UTF-8" />
    <property name="file.encoding.pkg" value="sun.io" />
    <property name="sb-home" value="/opt/streambase" />
    <property name="file.separator" value="/" />
    <property name="java.specification.name" value="Java Platform API Specification" />
    <property name="java.class.version" value="50.0" />
    <property name="user.country" value="US" />
    <property name="java.home" value="/usr/lib/jvm/java-6-openjdk/jre" />
    <property name="java.vm.info" value="mixed mode" />
    <property name="ant.file" value="/home/fowles/streambase-studio-7.0-workspace/sbunit-extensions/build.xml" />
    <property name="os.version" value="2.6.38-11-generic" />
    <property name="path.separator" value=":" />
    <property name="java.vm.version" value="20.0-b11" />
    <property name="ant.library.dir" value="/usr/share/ant/lib" />
    <property name="java.awt.printerjob" value="sun.print.PSPrinterJob" />
    <property name="sun.io.unicode.encoding" value="UnicodeLittle" />
    <property name="user.home" value="/home/fowles" />
    <property name="java.specification.vendor" value="Sun Microsystems Inc." />
    <property name="java.library.path" value="/usr/lib/jvm/java-6-openjdk/jre/lib/amd64/server:/usr/lib/jvm/java-6-openjdk/jre/lib/amd64:/usr/lib/jvm/java-6-openjdk/jre/../lib/amd64:/opt/streambase/lib:/opt/streambase/lib64:/usr/local/jprofiler5/bin/linux-x86:/usr/local/jprofiler5/bin/linux-x86::/usr/java/packages/lib/amd64:/usr/lib/x86_64-linux-gnu/jni:/lib/x86_64-linux-gnu:/usr/lib/x86_64-linux-gnu:/usr/lib/jni:/lib:/usr/lib" />
    <property name="java.vendor.url" value="http://java.sun.com/" />
    <property name="java.vm.vendor" value="Sun Microsystems Inc." />
    <property name="java.runtime.name" value="OpenJDK Runtime Environment" />
    <property name="sun.java.command" value="org.apache.tools.ant.taskdefs.optional.junit.JUnitTestRunner com.streambase.sbunit.ext.ValueMatcherTest filtertrace=true haltOnError=false haltOnFailure=true formatter=org.apache.tools.ant.taskdefs.optional.junit.SummaryJUnitResultFormatter showoutput=false outputtoformatters=true logfailedtests=true logtestlistenerevents=true formatter=org.apache.tools.ant.taskdefs.optional.junit.XMLJUnitResultFormatter,/home/fowles/streambase-studio-7.0-workspace/sbunit-extensions/build/test-doc/TEST-com.streambase.sbunit.ext.ValueMatcherTest.xml crashfile=/home/fowles/streambase-studio-7.0-workspace/sbunit-extensions/junitvmwatcher6903885929573897207.properties propsfile=/home/fowles/streambase-studio-7.0-workspace/sbunit-extensions/junit7579458559405273586.properties" />
    <property name="java.class.path" value="/home/fowles/streambase-studio-7.0-workspace/sbunit-extensions/lib/gson-1.7.1-javadoc.jar:/home/fowles/streambase-studio-7.0-workspace/sbunit-extensions/lib/gson-1.7.1-sources.jar:/home/fowles/streambase-studio-7.0-workspace/sbunit-extensions/lib/gson-1.7.1.jar:/opt/streambase/lib/sbclient.jar:/opt/streambase/lib/sbtest-unit.jar:/opt/streambase/lib/junit.jar:/opt/streambase/lib/sbserver.jar:/home/fowles/streambase-studio-7.0-workspace/sbunit-extensions/build/java-bin:/home/fowles/streambase-studio-7.0-workspace/sbunit-extensions/build/test-bin:/usr/share/java/ant-launcher-1.8.1.jar:/usr/share/ant/lib/ant.jar:/usr/share/ant/lib/ant-junit.jar" />
    <property name="ant.version" value="Apache Ant version 1.8.1 compiled on October 13 2010" />
    <property name="test-bin" value="/home/fowles/streambase-studio-7.0-workspace/sbunit-extensions/build/test-bin" />
    <property name="test-doc" value="/home/fowles/streambase-studio-7.0-workspace/sbunit-extensions/build/test-doc" />
    <property name="java.vm.specification.name" value="Java Virtual Machine Specification" />
    <property name="ant.file.type" value="file" />
    <property name="java.vm.specification.version" value="1.0" />
    <property name="sun.cpu.endian" value="little" />
    <property name="test-src" value="/home/fowles/streambase-studio-7.0-workspace/sbunit-extensions/test-src" />
    <property name="sun.os.patch.level" value="unknown" />
    <property name="java.io.tmpdir" value="/tmp" />
    <property name="java.vendor.url.bug" value="http://java.sun.com/cgi-bin/bugreport.cgi" />
    <property name="java-bin" value="/home/fowles/streambase-studio-7.0-workspace/sbunit-extensions/build/java-bin" />
    <property name="os.arch" value="amd64" />
    <property name="java.awt.graphicsenv" value="sun.awt.X11GraphicsEnvironment" />
    <property name="java.ext.dirs" value="/usr/lib/jvm/java-6-openjdk/jre/lib/ext:/usr/java/packages/lib/ext" />
    <property name="java-doc" value="/home/fowles/streambase-studio-7.0-workspace/sbunit-extensions/build/java-doc" />
    <property name="user.dir" value="/home/fowles/streambase-studio-7.0-workspace/sbunit-extensions" />
    <property name="sb-client" value="/opt/streambase/lib/sbclient.jar" />
    <property name="sb-server" value="/opt/streambase/lib/sbserver.jar" />
    <property name="line.separator" value="
" />
    <property name="java-src" value="/home/fowles/streambase-studio-7.0-workspace/sbunit-extensions/java-src" />
    <property name="java.vm.name" value="OpenJDK 64-Bit Server VM" />
    <property name="basedir" value="/home/fowles/streambase-studio-7.0-workspace/sbunit-extensions" />
    <property name="ant.java.version" value="1.6" />
    <property name="ant.core.lib" value="/usr/share/ant/lib/ant.jar" />
    <property name="file.encoding" value="UTF-8" />
    <property name="sb-test" value="/opt/streambase/lib/sbtest-unit.jar" />
    <property name="ant.file.type.SBUNit-Extensions" value="file" />
    <property name="java.specification.version" value="1.6" />
    <property name="ant.project.invoked-targets" value="dist" />
  </properties>
  <testcase classname="com.streambase.sbunit.ext.ValueMatcherTest" name="testNullMatcher" time="0.003" />
  <testcase classname="com.streambase.sbunit.ext.ValueMatcherTest" name="testNonNullMatcher" time="0.0" />
  <testcase classname="com.streambase.sbunit.ext.ValueMatcherTest" name="testAnythingMatcher" time="0.001" />
  <testcase classname="com.streambase.sbunit.ext.ValueMatcherTest" name="testNothingMatcher" time="0.001" />
  <testcase classname="com.streambase.sbunit.ext.ValueMatcherTest" name="testEqualsMatcher" time="0.0" />
  <testcase classname="com.streambase.sbunit.ext.ValueMatcherTest" name="testDoubleMatchers" time="0.023" />
  <testcase classname="com.streambase.sbunit.ext.ValueMatcherTest" name="testAnyAndAllMatchers" time="0.004" />
  <testcase classname="com.streambase.sbunit.ext.ValueMatcherTest" name="testNotMatcher" time="0.001" />
  <testcase classname="com.streambase.sbunit.ext.ValueMatcherTest" name="testListMatcher" time="0.008" />
  <system-out><![CDATA[]]></system-out>
  <system-err><![CDATA[]]></system-err>
</testsuite>
